2024-10-09 15:09:00,535 - INFO - --- Starting Scenario: 2_player_heterogeneous_equiprobable_actions ---
2024-10-09 15:09:00,535 - INFO - Hyperparameters: n_agents=2, action_size=2, sigma_beta=0.5, alpha=1.3, beta_parameters=[0.63461776 0.36538224]
2024-10-09 15:09:00,535 - INFO - Episode 1: Actions=(1, 0), Rewards=[0.         0.63461776], Action Frequencies=[0.6 0.4], Joint Action Frequencies=[0.2 0.2 0.4 0.2], Iteration=6
2024-10-09 15:09:00,536 - INFO - Episode 2: Actions=(0, 1), Rewards=[0.36538224 0.        ], Action Frequencies=[0.5 0.5], Joint Action Frequencies=[0.16666667 0.33333333 0.33333333 0.16666667], Iteration=7
2024-10-09 15:09:00,536 - INFO - Episode 3: Actions=(0, 0), Rewards=[0.23187806 0.23187806], Action Frequencies=[0.42857143 0.42857143], Joint Action Frequencies=[0.28571429 0.28571429 0.28571429 0.14285714], Iteration=8
2024-10-09 15:09:00,536 - INFO - Episode 4: Actions=(0, 1), Rewards=[0.36538224 0.        ], Action Frequencies=[0.375 0.5  ], Joint Action Frequencies=[0.25  0.375 0.25  0.125], Iteration=9
2024-10-09 15:09:00,536 - INFO - Episode 5: Actions=(0, 1), Rewards=[0.36538224 0.        ], Action Frequencies=[0.33333333 0.55555556], Joint Action Frequencies=[0.22222222 0.44444444 0.22222222 0.11111111], Iteration=10
2024-10-09 15:09:00,536 - INFO - Episode 6: Actions=(0, 1), Rewards=[0.36538224 0.        ], Action Frequencies=[0.3 0.6], Joint Action Frequencies=[0.2 0.5 0.2 0.1], Iteration=11
2024-10-09 15:09:00,536 - INFO - Episode 7: Actions=(1, 1), Rewards=[0.30144148 0.30144148], Action Frequencies=[0.36363636 0.63636364], Joint Action Frequencies=[0.18181818 0.45454545 0.18181818 0.18181818], Iteration=12
2024-10-09 15:09:00,537 - INFO - Episode 8: Actions=(1, 1), Rewards=[0.30144148 0.30144148], Action Frequencies=[0.41666667 0.66666667], Joint Action Frequencies=[0.16666667 0.41666667 0.16666667 0.25      ], Iteration=13
2024-10-09 15:09:00,537 - INFO - Episode 9: Actions=(1, 0), Rewards=[0.         0.63461776], Action Frequencies=[0.46153846 0.61538462], Joint Action Frequencies=[0.15384615 0.38461538 0.23076923 0.23076923], Iteration=14
2024-10-09 15:09:00,537 - INFO - Episode 10: Actions=(0, 0), Rewards=[0.23187806 0.23187806], Action Frequencies=[0.42857143 0.57142857], Joint Action Frequencies=[0.21428571 0.35714286 0.21428571 0.21428571], Iteration=15
2024-10-09 15:09:00,537 - INFO - Episode 11: Actions=(1, 0), Rewards=[0.         0.63461776], Action Frequencies=[0.46666667 0.53333333], Joint Action Frequencies=[0.2        0.33333333 0.26666667 0.2       ], Iteration=16
2024-10-09 15:09:00,537 - INFO - Episode 12: Actions=(1, 1), Rewards=[0.30144148 0.30144148], Action Frequencies=[0.5    0.5625], Joint Action Frequencies=[0.1875 0.3125 0.25   0.25  ], Iteration=17
2024-10-09 15:09:00,537 - INFO - Episode 13: Actions=(0, 0), Rewards=[0.23187806 0.23187806], Action Frequencies=[0.47058824 0.52941176], Joint Action Frequencies=[0.23529412 0.29411765 0.23529412 0.23529412], Iteration=18
2024-10-09 15:09:00,538 - INFO - Episode 14: Actions=(1, 1), Rewards=[0.30144148 0.30144148], Action Frequencies=[0.5        0.55555556], Joint Action Frequencies=[0.22222222 0.27777778 0.22222222 0.27777778], Iteration=19
2024-10-09 15:09:00,538 - INFO - Episode 15: Actions=(0, 1), Rewards=[0.36538224 0.        ], Action Frequencies=[0.47368421 0.57894737], Joint Action Frequencies=[0.21052632 0.31578947 0.21052632 0.26315789], Iteration=20
2024-10-09 15:09:00,538 - INFO - Episode 16: Actions=(0, 0), Rewards=[0.23187806 0.23187806], Action Frequencies=[0.45 0.55], Joint Action Frequencies=[0.25 0.3  0.2  0.25], Iteration=21
2024-10-09 15:09:00,538 - INFO - Episode 17: Actions=(0, 0), Rewards=[0.23187806 0.23187806], Action Frequencies=[0.42857143 0.52380952], Joint Action Frequencies=[0.28571429 0.28571429 0.19047619 0.23809524], Iteration=22
2024-10-09 15:09:00,538 - INFO - Episode 18: Actions=(0, 1), Rewards=[0.36538224 0.        ], Action Frequencies=[0.40909091 0.54545455], Joint Action Frequencies=[0.27272727 0.31818182 0.18181818 0.22727273], Iteration=23
2024-10-09 15:09:00,539 - INFO - Episode 19: Actions=(0, 0), Rewards=[0.23187806 0.23187806], Action Frequencies=[0.39130435 0.52173913], Joint Action Frequencies=[0.30434783 0.30434783 0.17391304 0.2173913 ], Iteration=24
2024-10-09 15:09:00,539 - INFO - Episode 20: Actions=(1, 0), Rewards=[0.         0.63461776], Action Frequencies=[0.41666667 0.5       ], Joint Action Frequencies=[0.29166667 0.29166667 0.20833333 0.20833333], Iteration=25
2024-10-09 15:09:00,539 - INFO - Episode 21: Actions=(1, 0), Rewards=[0.         0.63461776], Action Frequencies=[0.44 0.48], Joint Action Frequencies=[0.28 0.28 0.24 0.2 ], Iteration=26
2024-10-09 15:09:00,539 - INFO - Episode 22: Actions=(1, 1), Rewards=[0.30144148 0.30144148], Action Frequencies=[0.46153846 0.5       ], Joint Action Frequencies=[0.26923077 0.26923077 0.23076923 0.23076923], Iteration=27
2024-10-09 15:09:00,539 - INFO - Episode 23: Actions=(1, 0), Rewards=[0.         0.63461776], Action Frequencies=[0.48148148 0.48148148], Joint Action Frequencies=[0.25925926 0.25925926 0.25925926 0.22222222], Iteration=28
2024-10-09 15:09:00,539 - INFO - Episode 24: Actions=(0, 0), Rewards=[0.23187806 0.23187806], Action Frequencies=[0.46428571 0.46428571], Joint Action Frequencies=[0.28571429 0.25       0.25       0.21428571], Iteration=29
2024-10-09 15:09:00,540 - INFO - Episode 25: Actions=(0, 0), Rewards=[0.23187806 0.23187806], Action Frequencies=[0.44827586 0.44827586], Joint Action Frequencies=[0.31034483 0.24137931 0.24137931 0.20689655], Iteration=30
2024-10-09 15:09:00,540 - INFO - Episode 26: Actions=(0, 0), Rewards=[0.23187806 0.23187806], Action Frequencies=[0.43333333 0.43333333], Joint Action Frequencies=[0.33333333 0.23333333 0.23333333 0.2       ], Iteration=31
2024-10-09 15:09:00,540 - INFO - Episode 27: Actions=(1, 1), Rewards=[0.30144148 0.30144148], Action Frequencies=[0.4516129 0.4516129], Joint Action Frequencies=[0.32258065 0.22580645 0.22580645 0.22580645], Iteration=32
2024-10-09 15:09:00,540 - INFO - Episode 28: Actions=(1, 0), Rewards=[0.         0.63461776], Action Frequencies=[0.46875 0.4375 ], Joint Action Frequencies=[0.3125  0.21875 0.25    0.21875], Iteration=33
2024-10-09 15:09:00,540 - INFO - Episode 29: Actions=(0, 0), Rewards=[0.23187806 0.23187806], Action Frequencies=[0.45454545 0.42424242], Joint Action Frequencies=[0.33333333 0.21212121 0.24242424 0.21212121], Iteration=34
2024-10-09 15:09:00,540 - INFO - Episode 30: Actions=(0, 1), Rewards=[0.36538224 0.        ], Action Frequencies=[0.44117647 0.44117647], Joint Action Frequencies=[0.32352941 0.23529412 0.23529412 0.20588235], Iteration=35
2024-10-09 15:09:00,541 - INFO - Episode 31: Actions=(0, 1), Rewards=[0.36538224 0.        ], Action Frequencies=[0.42857143 0.45714286], Joint Action Frequencies=[0.31428571 0.25714286 0.22857143 0.2       ], Iteration=36
2024-10-09 15:09:00,541 - INFO - Episode 32: Actions=(1, 1), Rewards=[0.30144148 0.30144148], Action Frequencies=[0.44444444 0.47222222], Joint Action Frequencies=[0.30555556 0.25       0.22222222 0.22222222], Iteration=37
2024-10-09 15:09:00,541 - INFO - Episode 33: Actions=(1, 1), Rewards=[0.30144148 0.30144148], Action Frequencies=[0.45945946 0.48648649], Joint Action Frequencies=[0.2972973  0.24324324 0.21621622 0.24324324], Iteration=38
2024-10-09 15:09:00,541 - INFO - Episode 34: Actions=(1, 0), Rewards=[0.         0.63461776], Action Frequencies=[0.47368421 0.47368421], Joint Action Frequencies=[0.28947368 0.23684211 0.23684211 0.23684211], Iteration=39
2024-10-09 15:09:00,541 - INFO - Episode 35: Actions=(0, 0), Rewards=[0.23187806 0.23187806], Action Frequencies=[0.46153846 0.46153846], Joint Action Frequencies=[0.30769231 0.23076923 0.23076923 0.23076923], Iteration=40
2024-10-09 15:09:00,541 - INFO - Episode 36: Actions=(1, 1), Rewards=[0.30144148 0.30144148], Action Frequencies=[0.475 0.475], Joint Action Frequencies=[0.3   0.225 0.225 0.25 ], Iteration=41
2024-10-09 15:09:00,542 - INFO - Episode 37: Actions=(0, 1), Rewards=[0.36538224 0.        ], Action Frequencies=[0.46341463 0.48780488], Joint Action Frequencies=[0.29268293 0.24390244 0.2195122  0.24390244], Iteration=42
2024-10-09 15:09:00,542 - INFO - Episode 38: Actions=(1, 0), Rewards=[0.         0.63461776], Action Frequencies=[0.47619048 0.47619048], Joint Action Frequencies=[0.28571429 0.23809524 0.23809524 0.23809524], Iteration=43
2024-10-09 15:09:00,542 - INFO - Episode 39: Actions=(0, 0), Rewards=[0.23187806 0.23187806], Action Frequencies=[0.46511628 0.46511628], Joint Action Frequencies=[0.30232558 0.23255814 0.23255814 0.23255814], Iteration=44
2024-10-09 15:09:00,542 - INFO - Episode 40: Actions=(1, 1), Rewards=[0.30144148 0.30144148], Action Frequencies=[0.47727273 0.47727273], Joint Action Frequencies=[0.29545455 0.22727273 0.22727273 0.25      ], Iteration=45
2024-10-09 15:09:00,542 - INFO - Episode 41: Actions=(1, 1), Rewards=[0.30144148 0.30144148], Action Frequencies=[0.48888889 0.48888889], Joint Action Frequencies=[0.28888889 0.22222222 0.22222222 0.26666667], Iteration=46
2024-10-09 15:09:00,542 - INFO - Episode 42: Actions=(0, 0), Rewards=[0.23187806 0.23187806], Action Frequencies=[0.47826087 0.47826087], Joint Action Frequencies=[0.30434783 0.2173913  0.2173913  0.26086957], Iteration=47
2024-10-09 15:09:00,543 - INFO - Episode 43: Actions=(1, 0), Rewards=[0.         0.63461776], Action Frequencies=[0.4893617  0.46808511], Joint Action Frequencies=[0.29787234 0.21276596 0.23404255 0.25531915], Iteration=48
2024-10-09 15:09:00,543 - INFO - Episode 44: Actions=(1, 0), Rewards=[0.         0.63461776], Action Frequencies=[0.5        0.45833333], Joint Action Frequencies=[0.29166667 0.20833333 0.25       0.25      ], Iteration=49
2024-10-09 15:09:00,543 - INFO - Episode 45: Actions=(1, 1), Rewards=[0.30144148 0.30144148], Action Frequencies=[0.51020408 0.46938776], Joint Action Frequencies=[0.28571429 0.20408163 0.24489796 0.26530612], Iteration=50
2024-10-09 15:09:00,543 - INFO - Episode 46: Actions=(1, 1), Rewards=[0.30144148 0.30144148], Action Frequencies=[0.52 0.48], Joint Action Frequencies=[0.28 0.2  0.24 0.28], Iteration=51
2024-10-09 15:09:00,543 - INFO - Episode 47: Actions=(0, 0), Rewards=[0.23187806 0.23187806], Action Frequencies=[0.50980392 0.47058824], Joint Action Frequencies=[0.29411765 0.19607843 0.23529412 0.2745098 ], Iteration=52
2024-10-09 15:09:00,543 - INFO - Episode 48: Actions=(0, 1), Rewards=[0.36538224 0.        ], Action Frequencies=[0.5        0.48076923], Joint Action Frequencies=[0.28846154 0.21153846 0.23076923 0.26923077], Iteration=53
2024-10-09 15:09:00,544 - INFO - Episode 49: Actions=(1, 1), Rewards=[0.30144148 0.30144148], Action Frequencies=[0.50943396 0.49056604], Joint Action Frequencies=[0.28301887 0.20754717 0.22641509 0.28301887], Iteration=54
2024-10-09 15:09:00,544 - INFO - Episode 50: Actions=(1, 1), Rewards=[0.30144148 0.30144148], Action Frequencies=[0.51851852 0.5       ], Joint Action Frequencies=[0.27777778 0.2037037  0.22222222 0.2962963 ], Iteration=55
2024-10-09 15:09:00,544 - INFO - Episode 51: Actions=(0, 0), Rewards=[0.23187806 0.23187806], Action Frequencies=[0.50909091 0.49090909], Joint Action Frequencies=[0.29090909 0.2        0.21818182 0.29090909], Iteration=56
2024-10-09 15:09:00,544 - INFO - Episode 52: Actions=(0, 1), Rewards=[0.36538224 0.        ], Action Frequencies=[0.5 0.5], Joint Action Frequencies=[0.28571429 0.21428571 0.21428571 0.28571429], Iteration=57
2024-10-09 15:09:00,544 - INFO - Episode 53: Actions=(0, 1), Rewards=[0.36538224 0.        ], Action Frequencies=[0.49122807 0.50877193], Joint Action Frequencies=[0.28070175 0.22807018 0.21052632 0.28070175], Iteration=58
2024-10-09 15:09:00,544 - INFO - Episode 54: Actions=(0, 1), Rewards=[0.36538224 0.        ], Action Frequencies=[0.48275862 0.51724138], Joint Action Frequencies=[0.27586207 0.24137931 0.20689655 0.27586207], Iteration=59
2024-10-09 15:09:00,545 - INFO - Episode 55: Actions=(0, 1), Rewards=[0.36538224 0.        ], Action Frequencies=[0.47457627 0.52542373], Joint Action Frequencies=[0.27118644 0.25423729 0.20338983 0.27118644], Iteration=60
2024-10-09 15:09:00,545 - INFO - Episode 56: Actions=(0, 0), Rewards=[0.23187806 0.23187806], Action Frequencies=[0.46666667 0.51666667], Joint Action Frequencies=[0.28333333 0.25       0.2        0.26666667], Iteration=61
2024-10-09 15:09:00,545 - INFO - Episode 57: Actions=(1, 1), Rewards=[0.30144148 0.30144148], Action Frequencies=[0.47540984 0.52459016], Joint Action Frequencies=[0.27868852 0.24590164 0.19672131 0.27868852], Iteration=62
2024-10-09 15:09:00,545 - INFO - Episode 58: Actions=(0, 1), Rewards=[0.36538224 0.        ], Action Frequencies=[0.46774194 0.53225806], Joint Action Frequencies=[0.27419355 0.25806452 0.19354839 0.27419355], Iteration=63
2024-10-09 15:09:00,545 - INFO - Episode 59: Actions=(1, 0), Rewards=[0.         0.63461776], Action Frequencies=[0.47619048 0.52380952], Joint Action Frequencies=[0.26984127 0.25396825 0.20634921 0.26984127], Iteration=64
2024-10-09 15:09:00,546 - INFO - Episode 60: Actions=(0, 0), Rewards=[0.23187806 0.23187806], Action Frequencies=[0.46875  0.515625], Joint Action Frequencies=[0.28125  0.25     0.203125 0.265625], Iteration=65
2024-10-09 15:09:00,546 - INFO - Episode 61: Actions=(0, 1), Rewards=[0.36538224 0.        ], Action Frequencies=[0.46153846 0.52307692], Joint Action Frequencies=[0.27692308 0.26153846 0.2        0.26153846], Iteration=66
2024-10-09 15:09:00,546 - INFO - Episode 62: Actions=(1, 0), Rewards=[0.         0.63461776], Action Frequencies=[0.46969697 0.51515152], Joint Action Frequencies=[0.27272727 0.25757576 0.21212121 0.25757576], Iteration=67
2024-10-09 15:09:00,546 - INFO - Episode 63: Actions=(1, 1), Rewards=[0.30144148 0.30144148], Action Frequencies=[0.47761194 0.52238806], Joint Action Frequencies=[0.26865672 0.25373134 0.20895522 0.26865672], Iteration=68
2024-10-09 15:09:00,546 - INFO - Episode 64: Actions=(0, 0), Rewards=[0.23187806 0.23187806], Action Frequencies=[0.47058824 0.51470588], Joint Action Frequencies=[0.27941176 0.25       0.20588235 0.26470588], Iteration=69
2024-10-09 15:09:00,546 - INFO - Episode 65: Actions=(1, 0), Rewards=[0.         0.63461776], Action Frequencies=[0.47826087 0.50724638], Joint Action Frequencies=[0.27536232 0.24637681 0.2173913  0.26086957], Iteration=70
2024-10-09 15:09:00,547 - INFO - Episode 66: Actions=(1, 1), Rewards=[0.30144148 0.30144148], Action Frequencies=[0.48571429 0.51428571], Joint Action Frequencies=[0.27142857 0.24285714 0.21428571 0.27142857], Iteration=71
2024-10-09 15:09:00,547 - INFO - Episode 67: Actions=(1, 0), Rewards=[0.         0.63461776], Action Frequencies=[0.49295775 0.50704225], Joint Action Frequencies=[0.26760563 0.23943662 0.22535211 0.26760563], Iteration=72
2024-10-09 15:09:00,547 - INFO - Episode 68: Actions=(1, 0), Rewards=[0.         0.63461776], Action Frequencies=[0.5 0.5], Joint Action Frequencies=[0.26388889 0.23611111 0.23611111 0.26388889], Iteration=73
2024-10-09 15:09:00,547 - INFO - Episode 69: Actions=(1, 0), Rewards=[0.         0.63461776], Action Frequencies=[0.50684932 0.49315068], Joint Action Frequencies=[0.26027397 0.23287671 0.24657534 0.26027397], Iteration=74
2024-10-09 15:09:00,547 - INFO - Episode 70: Actions=(1, 0), Rewards=[0.         0.63461776], Action Frequencies=[0.51351351 0.48648649], Joint Action Frequencies=[0.25675676 0.22972973 0.25675676 0.25675676], Iteration=75
2024-10-09 15:09:00,547 - INFO - Episode 71: Actions=(1, 1), Rewards=[0.30144148 0.30144148], Action Frequencies=[0.52       0.49333333], Joint Action Frequencies=[0.25333333 0.22666667 0.25333333 0.26666667], Iteration=76
2024-10-09 15:09:00,548 - INFO - Episode 72: Actions=(0, 1), Rewards=[0.36538224 0.        ], Action Frequencies=[0.51315789 0.5       ], Joint Action Frequencies=[0.25       0.23684211 0.25       0.26315789], Iteration=77
2024-10-09 15:09:00,548 - INFO - Episode 73: Actions=(1, 0), Rewards=[0.         0.63461776], Action Frequencies=[0.51948052 0.49350649], Joint Action Frequencies=[0.24675325 0.23376623 0.25974026 0.25974026], Iteration=78
2024-10-09 15:09:00,548 - INFO - Episode 74: Actions=(0, 0), Rewards=[0.23187806 0.23187806], Action Frequencies=[0.51282051 0.48717949], Joint Action Frequencies=[0.25641026 0.23076923 0.25641026 0.25641026], Iteration=79
2024-10-09 15:09:00,548 - INFO - Episode 75: Actions=(0, 1), Rewards=[0.36538224 0.        ], Action Frequencies=[0.50632911 0.49367089], Joint Action Frequencies=[0.25316456 0.24050633 0.25316456 0.25316456], Iteration=80
2024-10-09 15:09:00,548 - INFO - Episode 76: Actions=(1, 0), Rewards=[0.         0.63461776], Action Frequencies=[0.5125 0.4875], Joint Action Frequencies=[0.25   0.2375 0.2625 0.25  ], Iteration=81
2024-10-09 15:09:00,548 - INFO - Episode 77: Actions=(0, 0), Rewards=[0.23187806 0.23187806], Action Frequencies=[0.50617284 0.48148148], Joint Action Frequencies=[0.25925926 0.2345679  0.25925926 0.24691358], Iteration=82
2024-10-09 15:09:00,549 - INFO - Episode 78: Actions=(0, 1), Rewards=[0.36538224 0.        ], Action Frequencies=[0.5        0.48780488], Joint Action Frequencies=[0.25609756 0.24390244 0.25609756 0.24390244], Iteration=83
2024-10-09 15:09:00,549 - INFO - Episode 79: Actions=(0, 1), Rewards=[0.36538224 0.        ], Action Frequencies=[0.4939759 0.4939759], Joint Action Frequencies=[0.25301205 0.25301205 0.25301205 0.24096386], Iteration=84
2024-10-09 15:09:00,549 - INFO - Episode 80: Actions=(1, 1), Rewards=[0.30144148 0.30144148], Action Frequencies=[0.5 0.5], Joint Action Frequencies=[0.25 0.25 0.25 0.25], Iteration=85
2024-10-09 15:09:00,549 - INFO - Episode 81: Actions=(0, 0), Rewards=[0.23187806 0.23187806], Action Frequencies=[0.49411765 0.49411765], Joint Action Frequencies=[0.25882353 0.24705882 0.24705882 0.24705882], Iteration=86
2024-10-09 15:09:00,549 - INFO - Episode 82: Actions=(0, 1), Rewards=[0.36538224 0.        ], Action Frequencies=[0.48837209 0.5       ], Joint Action Frequencies=[0.25581395 0.25581395 0.24418605 0.24418605], Iteration=87
2024-10-09 15:09:00,550 - INFO - Episode 83: Actions=(1, 1), Rewards=[0.30144148 0.30144148], Action Frequencies=[0.49425287 0.50574713], Joint Action Frequencies=[0.25287356 0.25287356 0.24137931 0.25287356], Iteration=88
2024-10-09 15:09:00,550 - INFO - Episode 84: Actions=(1, 1), Rewards=[0.30144148 0.30144148], Action Frequencies=[0.5        0.51136364], Joint Action Frequencies=[0.25       0.25       0.23863636 0.26136364], Iteration=89
2024-10-09 15:09:00,550 - INFO - Episode 85: Actions=(0, 0), Rewards=[0.23187806 0.23187806], Action Frequencies=[0.49438202 0.50561798], Joint Action Frequencies=[0.25842697 0.24719101 0.23595506 0.25842697], Iteration=90
2024-10-09 15:09:00,550 - INFO - Episode 86: Actions=(0, 1), Rewards=[0.36538224 0.        ], Action Frequencies=[0.48888889 0.51111111], Joint Action Frequencies=[0.25555556 0.25555556 0.23333333 0.25555556], Iteration=91
2024-10-09 15:09:00,550 - INFO - Episode 87: Actions=(0, 1), Rewards=[0.36538224 0.        ], Action Frequencies=[0.48351648 0.51648352], Joint Action Frequencies=[0.25274725 0.26373626 0.23076923 0.25274725], Iteration=92
2024-10-09 15:09:00,550 - INFO - Episode 88: Actions=(0, 1), Rewards=[0.36538224 0.        ], Action Frequencies=[0.47826087 0.52173913], Joint Action Frequencies=[0.25       0.27173913 0.22826087 0.25      ], Iteration=93
2024-10-09 15:09:00,551 - INFO - Episode 89: Actions=(0, 0), Rewards=[0.23187806 0.23187806], Action Frequencies=[0.47311828 0.51612903], Joint Action Frequencies=[0.25806452 0.2688172  0.22580645 0.24731183], Iteration=94
2024-10-09 15:09:00,551 - INFO - Episode 90: Actions=(0, 1), Rewards=[0.36538224 0.        ], Action Frequencies=[0.46808511 0.5212766 ], Joint Action Frequencies=[0.25531915 0.27659574 0.22340426 0.24468085], Iteration=95
2024-10-09 15:09:00,551 - INFO - Episode 91: Actions=(1, 0), Rewards=[0.         0.63461776], Action Frequencies=[0.47368421 0.51578947], Joint Action Frequencies=[0.25263158 0.27368421 0.23157895 0.24210526], Iteration=96
2024-10-09 15:09:00,551 - INFO - Episode 92: Actions=(1, 1), Rewards=[0.30144148 0.30144148], Action Frequencies=[0.47916667 0.52083333], Joint Action Frequencies=[0.25       0.27083333 0.22916667 0.25      ], Iteration=97
2024-10-09 15:09:00,551 - INFO - Episode 93: Actions=(1, 1), Rewards=[0.30144148 0.30144148], Action Frequencies=[0.48453608 0.5257732 ], Joint Action Frequencies=[0.24742268 0.26804124 0.22680412 0.25773196], Iteration=98
2024-10-09 15:09:00,551 - INFO - Episode 94: Actions=(1, 0), Rewards=[0.         0.63461776], Action Frequencies=[0.48979592 0.52040816], Joint Action Frequencies=[0.24489796 0.26530612 0.23469388 0.25510204], Iteration=99
2024-10-09 15:09:00,552 - INFO - Episode 95: Actions=(1, 0), Rewards=[0.         0.63461776], Action Frequencies=[0.49494949 0.51515152], Joint Action Frequencies=[0.24242424 0.26262626 0.24242424 0.25252525], Iteration=100
2024-10-09 15:09:00,552 - INFO - Episode 96: Actions=(1, 0), Rewards=[0.         0.63461776], Action Frequencies=[0.5  0.51], Joint Action Frequencies=[0.24 0.26 0.25 0.25], Iteration=101
2024-10-09 15:09:00,552 - INFO - Episode 97: Actions=(1, 0), Rewards=[0.         0.63461776], Action Frequencies=[0.5049505 0.5049505], Joint Action Frequencies=[0.23762376 0.25742574 0.25742574 0.24752475], Iteration=102
2024-10-09 15:09:00,552 - INFO - Episode 98: Actions=(0, 0), Rewards=[0.23187806 0.23187806], Action Frequencies=[0.5 0.5], Joint Action Frequencies=[0.24509804 0.25490196 0.25490196 0.24509804], Iteration=103
2024-10-09 15:09:00,552 - INFO - Episode 99: Actions=(0, 0), Rewards=[0.23187806 0.23187806], Action Frequencies=[0.49514563 0.49514563], Joint Action Frequencies=[0.25242718 0.25242718 0.25242718 0.24271845], Iteration=104
2024-10-09 15:09:00,552 - INFO - Episode 100: Actions=(1, 1), Rewards=[0.30144148 0.30144148], Action Frequencies=[0.5 0.5], Joint Action Frequencies=[0.25 0.25 0.25 0.25], Iteration=105
2024-10-09 15:09:00,552 - INFO - --- Ending Scenario: 2_player_heterogeneous_equiprobable_actions ---
